<?xml version="1.0" encoding="UTF-8"?>
<!-- Generated by org.testng.reporters.JUnitReportReporter -->
<testsuite hostname="DESKTOP-0JNBMD6" failures="0" tests="1" name="oper_test.test.SiteAccessTest" time="0.410" errors="0" timestamp="2023-04-04T19:42:49 YEKT" skipped="0">
  <testcase classname="oper_test.test.SiteAccessTest" name="requestSiteAvailability" time="0.410"/>
  <system-out/>
</testsuite> <!-- oper_test.test.SiteAccessTest -->
