<?xml version="1.0" encoding="UTF-8"?>
<!-- Generated by org.testng.reporters.JUnitReportReporter -->
<testsuite hostname="DESKTOP-0JNBMD6" failures="0" tests="1" name="google_search_test.test.WebDriverSeleniumHQTest" time="12.258" errors="0" timestamp="2023-04-03T18:17:39 YEKT" skipped="0">
  <testcase classname="google_search_test.test.WebDriverSeleniumHQTest" name="commonSearchTermResultNotEmpty" time="12.258"/>
  <system-out/>
</testsuite> <!-- google_search_test.test.WebDriverSeleniumHQTest -->
