<?xml version="1.0" encoding="UTF-8"?>
<!-- Generated by org.testng.reporters.JUnitReportReporter -->
<testsuite hostname="DESKTOP-0JNBMD6" failures="0" tests="3" name="oper_test.test.RedirectionLinksTest" time="109.164" errors="0" timestamp="2023-04-04T18:16:54 YEKT" skipped="0">
  <testcase classname="oper_test.test.RedirectionLinksTest" name="switchVkontakteLink" time="50.075"/>
  <system-out/>
  <testcase classname="oper_test.test.RedirectionLinksTest" name="switchTelegramLink" time="25.520"/>
  <system-out/>
  <testcase classname="oper_test.test.RedirectionLinksTest" name="switchRutubeLink" time="33.569"/>
  <system-out/>
</testsuite> <!-- oper_test.test.RedirectionLinksTest -->
