<?xml version="1.0" encoding="UTF-8"?>
<!-- Generated by org.testng.reporters.JUnitReportReporter -->
<testsuite hostname="DESKTOP-0JNBMD6" failures="0" tests="3" name="oper_test.test.RedirectionLinksTest" time="90.221" errors="0" timestamp="2023-04-05T00:54:25 YEKT" skipped="0">
  <testcase classname="oper_test.test.RedirectionLinksTest" name="switchTelegramLink" time="45.445"/>
  <system-out/>
  <testcase classname="oper_test.test.RedirectionLinksTest" name="switchVkontakteLink" time="36.504"/>
  <system-out/>
  <testcase classname="oper_test.test.RedirectionLinksTest" name="switchRutubeLink" time="8.272"/>
  <system-out/>
</testsuite> <!-- oper_test.test.RedirectionLinksTest -->
