<?xml version="1.0" encoding="UTF-8"?>
<!-- Generated by org.testng.reporters.JUnitReportReporter -->
<testsuite hostname="DESKTOP-0JNBMD6" failures="0" tests="2" name="oper_test.test.SiteSearchTest" time="95.075" errors="0" timestamp="2023-04-08T19:11:11 YEKT" skipped="0">
  <testcase classname="oper_test.test.SiteSearchTest" name="getCountSearchResults" time="32.446"/>
  <system-out/>
  <testcase classname="oper_test.test.SiteSearchTest" name="enterEmptyQuery" time="62.629"/>
  <system-out/>
</testsuite> <!-- oper_test.test.SiteSearchTest -->
