<?xml version="1.0" encoding="UTF-8"?>
<!-- Generated by org.testng.reporters.JUnitReportReporter -->
<testsuite hostname="DESKTOP-0JNBMD6" failures="0" tests="1" name="oper_test.test.SiteSearchTest" time="28.715" errors="0" timestamp="2023-04-03T21:02:15 YEKT" skipped="0">
  <testcase classname="oper_test.test.SiteSearchTest" name="enterEmptyQuery" time="28.715"/>
  <system-out/>
</testsuite> <!-- oper_test.test.SiteSearchTest -->
