<?xml version="1.0" encoding="UTF-8"?>
<!-- Generated by org.testng.reporters.JUnitReportReporter -->
<testsuite hostname="DESKTOP-0JNBMD6" failures="0" tests="1" name="oper_test.test.SiteContactLinksTest" time="45.572" errors="0" timestamp="2023-04-04T13:23:07 YEKT" skipped="0">
  <testcase classname="oper_test.test.SiteContactLinksTest" name="switchTelegramLink" time="45.572"/>
  <system-out/>
</testsuite> <!-- oper_test.test.SiteContactLinksTest -->
