<?xml version="1.0" encoding="UTF-8"?>
<!-- Generated by org.testng.reporters.JUnitReportReporter -->
<testsuite hostname="DESKTOP-0JNBMD6" failures="0" tests="2" name="oper_test.test.SiteSearchTest" time="34.822" errors="0" timestamp="2023-04-04T19:42:49 YEKT" skipped="0">
  <testcase classname="oper_test.test.SiteSearchTest" name="enterEmptyQuery" time="28.926"/>
  <system-out/>
  <testcase classname="oper_test.test.SiteSearchTest" name="getCountSearchResults" time="5.896"/>
  <system-out/>
</testsuite> <!-- oper_test.test.SiteSearchTest -->
