<?xml version="1.0" encoding="UTF-8"?>
<!-- Generated by org.testng.reporters.JUnitReportReporter -->
<testsuite hostname="DESKTOP-0JNBMD6" failures="0" tests="2" name="oper_test.test.SiteSearchTest" time="56.249" errors="0" timestamp="2023-04-04T18:16:54 YEKT" skipped="0">
  <testcase classname="oper_test.test.SiteSearchTest" name="getCountSearchResults" time="48.430"/>
  <system-out/>
  <testcase classname="oper_test.test.SiteSearchTest" name="enterEmptyQuery" time="7.819"/>
  <system-out/>
</testsuite> <!-- oper_test.test.SiteSearchTest -->
