<?xml version="1.0" encoding="UTF-8"?>
<!-- Generated by org.testng.reporters.JUnitReportReporter -->
<testsuite hostname="DESKTOP-0JNBMD6" failures="0" tests="10" name="oper_test.test.RedirectionLinksTest" time="222.138" errors="0" timestamp="2023-04-08T19:11:11 YEKT" skipped="0">
  <testcase classname="oper_test.test.RedirectionLinksTest" name="switchOpershopHeaderLink" time="4.929"/>
  <system-out/>
  <testcase classname="oper_test.test.RedirectionLinksTest" name="switchAppleLink" time="9.240"/>
  <system-out/>
  <testcase classname="oper_test.test.RedirectionLinksTest" name="switchWinkLink" time="9.337"/>
  <system-out/>
  <testcase classname="oper_test.test.RedirectionLinksTest" name="switchTelegramLink" time="5.598"/>
  <system-out/>
  <testcase classname="oper_test.test.RedirectionLinksTest" name="switchAudioversionLink" time="26.112"/>
  <system-out/>
  <testcase classname="oper_test.test.RedirectionLinksTest" name="switchDzenLink" time="41.848"/>
  <system-out/>
  <testcase classname="oper_test.test.RedirectionLinksTest" name="switchRutubeLink" time="7.637"/>
  <system-out/>
  <testcase classname="oper_test.test.RedirectionLinksTest" name="switchSponsrLink" time="36.800"/>
  <system-out/>
  <testcase classname="oper_test.test.RedirectionLinksTest" name="switchVkontakteLink" time="45.239"/>
  <system-out/>
  <testcase classname="oper_test.test.RedirectionLinksTest" name="switchOpershopLeftbarLink" time="35.398"/>
  <system-out/>
</testsuite> <!-- oper_test.test.RedirectionLinksTest -->
